ARM GAS  C:\Users\arnem\AppData\Local\Temp\ccdQutzN.s 			page 1


   1              		.cpu arm7tdmi
   2              		.eabi_attribute 20, 1
   3              		.eabi_attribute 21, 1
   4              		.eabi_attribute 23, 3
   5              		.eabi_attribute 24, 1
   6              		.eabi_attribute 25, 1
   7              		.eabi_attribute 26, 1
   8              		.eabi_attribute 30, 1
   9              		.eabi_attribute 34, 0
  10              		.eabi_attribute 18, 4
  11              		.file	"syscalls.c"
  12              		.text
  13              	.Ltext0:
  14              		.cfi_sections	.debug_frame
  15              		.section	.text.initialise_monitor_handles,"ax",%progbits
  16              		.align	1
  17              		.global	initialise_monitor_handles
  18              		.arch armv4t
  19              		.syntax unified
  20              		.code	16
  21              		.thumb_func
  22              		.fpu softvfp
  24              	initialise_monitor_handles:
  25              	.LFB25:
  26              		.file 1 "Core/Src/syscalls.c"
   1:Core/Src/syscalls.c **** /**
   2:Core/Src/syscalls.c ****  ******************************************************************************
   3:Core/Src/syscalls.c ****  * @file      syscalls.c
   4:Core/Src/syscalls.c ****  * @author    Auto-generated by STM32CubeIDE
   5:Core/Src/syscalls.c ****  * @brief     STM32CubeIDE Minimal System calls file
   6:Core/Src/syscalls.c ****  *
   7:Core/Src/syscalls.c ****  *            For more information about which c-functions
   8:Core/Src/syscalls.c ****  *            need which of these lowlevel functions
   9:Core/Src/syscalls.c ****  *            please consult the Newlib libc-manual
  10:Core/Src/syscalls.c ****  ******************************************************************************
  11:Core/Src/syscalls.c ****  * @attention
  12:Core/Src/syscalls.c ****  *
  13:Core/Src/syscalls.c ****  * <h2><center>&copy; Copyright (c) 2020 STMicroelectronics.
  14:Core/Src/syscalls.c ****  * All rights reserved.</center></h2>
  15:Core/Src/syscalls.c ****  *
  16:Core/Src/syscalls.c ****  * This software component is licensed by ST under BSD 3-Clause license,
  17:Core/Src/syscalls.c ****  * the "License"; You may not use this file except in compliance with the
  18:Core/Src/syscalls.c ****  * License. You may obtain a copy of the License at:
  19:Core/Src/syscalls.c ****  *                        opensource.org/licenses/BSD-3-Clause
  20:Core/Src/syscalls.c ****  *
  21:Core/Src/syscalls.c ****  ******************************************************************************
  22:Core/Src/syscalls.c ****  */
  23:Core/Src/syscalls.c **** 
  24:Core/Src/syscalls.c **** /* Includes */
  25:Core/Src/syscalls.c **** #include <sys/stat.h>
  26:Core/Src/syscalls.c **** #include <stdlib.h>
  27:Core/Src/syscalls.c **** #include <errno.h>
  28:Core/Src/syscalls.c **** #include <stdio.h>
  29:Core/Src/syscalls.c **** #include <signal.h>
  30:Core/Src/syscalls.c **** #include <time.h>
  31:Core/Src/syscalls.c **** #include <sys/time.h>
  32:Core/Src/syscalls.c **** #include <sys/times.h>
ARM GAS  C:\Users\arnem\AppData\Local\Temp\ccdQutzN.s 			page 2


  33:Core/Src/syscalls.c **** 
  34:Core/Src/syscalls.c **** 
  35:Core/Src/syscalls.c **** /* Variables */
  36:Core/Src/syscalls.c **** extern int __io_putchar(int ch) __attribute__((weak));
  37:Core/Src/syscalls.c **** extern int __io_getchar(void) __attribute__((weak));
  38:Core/Src/syscalls.c **** 
  39:Core/Src/syscalls.c **** 
  40:Core/Src/syscalls.c **** char *__env[1] = { 0 };
  41:Core/Src/syscalls.c **** char **environ = __env;
  42:Core/Src/syscalls.c **** 
  43:Core/Src/syscalls.c **** 
  44:Core/Src/syscalls.c **** /* Functions */
  45:Core/Src/syscalls.c **** void initialise_monitor_handles()
  46:Core/Src/syscalls.c **** {
  27              		.loc 1 46 1 view -0
  28              		.cfi_startproc
  29              		@ Function supports interworking.
  30              		@ args = 0, pretend = 0, frame = 0
  31              		@ frame_needed = 0, uses_anonymous_args = 0
  32              		@ link register save eliminated.
  47:Core/Src/syscalls.c **** }
  33              		.loc 1 47 1 view .LVU1
  34              		@ sp needed
  35 0000 7047     		bx	lr
  36              		.cfi_endproc
  37              	.LFE25:
  39              		.section	.text._getpid,"ax",%progbits
  40              		.align	1
  41              		.global	_getpid
  42              		.syntax unified
  43              		.code	16
  44              		.thumb_func
  45              		.fpu softvfp
  47              	_getpid:
  48              	.LFB26:
  48:Core/Src/syscalls.c **** 
  49:Core/Src/syscalls.c **** int _getpid(void)
  50:Core/Src/syscalls.c **** {
  49              		.loc 1 50 1 view -0
  50              		.cfi_startproc
  51              		@ Function supports interworking.
  52              		@ args = 0, pretend = 0, frame = 0
  53              		@ frame_needed = 0, uses_anonymous_args = 0
  54              		@ link register save eliminated.
  51:Core/Src/syscalls.c **** 	return 1;
  55              		.loc 1 51 2 view .LVU3
  52:Core/Src/syscalls.c **** }
  56              		.loc 1 52 1 is_stmt 0 view .LVU4
  57 0000 0120     		movs	r0, #1
  58              		@ sp needed
  59 0002 7047     		bx	lr
  60              		.cfi_endproc
  61              	.LFE26:
  63              		.section	.text._kill,"ax",%progbits
  64              		.align	1
  65              		.global	_kill
  66              		.syntax unified
ARM GAS  C:\Users\arnem\AppData\Local\Temp\ccdQutzN.s 			page 3


  67              		.code	16
  68              		.thumb_func
  69              		.fpu softvfp
  71              	_kill:
  72              	.LVL0:
  73              	.LFB27:
  53:Core/Src/syscalls.c **** 
  54:Core/Src/syscalls.c **** int _kill(int pid, int sig)
  55:Core/Src/syscalls.c **** {
  74              		.loc 1 55 1 is_stmt 1 view -0
  75              		.cfi_startproc
  76              		@ Function supports interworking.
  77              		@ args = 0, pretend = 0, frame = 0
  78              		@ frame_needed = 0, uses_anonymous_args = 0
  79              		.loc 1 55 1 is_stmt 0 view .LVU6
  80 0000 10B5     		push	{r4, lr}
  81              	.LCFI0:
  82              		.cfi_def_cfa_offset 8
  83              		.cfi_offset 4, -8
  84              		.cfi_offset 14, -4
  56:Core/Src/syscalls.c **** 	errno = EINVAL;
  85              		.loc 1 56 2 is_stmt 1 view .LVU7
  86 0002 FFF7FEFF 		bl	__errno
  87              	.LVL1:
  88              		.loc 1 56 8 is_stmt 0 view .LVU8
  89 0006 1623     		movs	r3, #22
  90 0008 0360     		str	r3, [r0]
  57:Core/Src/syscalls.c **** 	return -1;
  91              		.loc 1 57 2 is_stmt 1 view .LVU9
  92              		.loc 1 57 9 is_stmt 0 view .LVU10
  93 000a 0120     		movs	r0, #1
  58:Core/Src/syscalls.c **** }
  94              		.loc 1 58 1 view .LVU11
  95 000c 4042     		rsbs	r0, r0, #0
  96              		@ sp needed
  97 000e 10BC     		pop	{r4}
  98 0010 02BC     		pop	{r1}
  99 0012 0847     		bx	r1
 100              		.cfi_endproc
 101              	.LFE27:
 103              		.section	.text._exit,"ax",%progbits
 104              		.align	1
 105              		.global	_exit
 106              		.syntax unified
 107              		.code	16
 108              		.thumb_func
 109              		.fpu softvfp
 111              	_exit:
 112              	.LVL2:
 113              	.LFB28:
  59:Core/Src/syscalls.c **** 
  60:Core/Src/syscalls.c **** void _exit (int status)
  61:Core/Src/syscalls.c **** {
 114              		.loc 1 61 1 is_stmt 1 view -0
 115              		.cfi_startproc
 116              		@ Function supports interworking.
 117              		@ Volatile: function does not return.
ARM GAS  C:\Users\arnem\AppData\Local\Temp\ccdQutzN.s 			page 4


 118              		@ args = 0, pretend = 0, frame = 0
 119              		@ frame_needed = 0, uses_anonymous_args = 0
 120              		.loc 1 61 1 is_stmt 0 view .LVU13
 121 0000 10B5     		push	{r4, lr}
 122              	.LCFI1:
 123              		.cfi_def_cfa_offset 8
 124              		.cfi_offset 4, -8
 125              		.cfi_offset 14, -4
  62:Core/Src/syscalls.c **** 	_kill(status, -1);
 126              		.loc 1 62 2 is_stmt 1 view .LVU14
 127 0002 0121     		movs	r1, #1
 128 0004 4942     		rsbs	r1, r1, #0
 129 0006 FFF7FEFF 		bl	_kill
 130              	.LVL3:
 131              	.L5:
  63:Core/Src/syscalls.c **** 	while (1) {}		/* Make sure we hang here */
 132              		.loc 1 63 2 discriminator 1 view .LVU15
 133              		.loc 1 63 13 discriminator 1 view .LVU16
 134              		.loc 1 63 8 discriminator 1 view .LVU17
 135 000a FEE7     		b	.L5
 136              		.cfi_endproc
 137              	.LFE28:
 139              		.section	.text._read,"ax",%progbits
 140              		.align	1
 141              		.weak	_read
 142              		.syntax unified
 143              		.code	16
 144              		.thumb_func
 145              		.fpu softvfp
 147              	_read:
 148              	.LVL4:
 149              	.LFB29:
  64:Core/Src/syscalls.c **** }
  65:Core/Src/syscalls.c **** 
  66:Core/Src/syscalls.c **** __attribute__((weak)) int _read(int file, char *ptr, int len)
  67:Core/Src/syscalls.c **** {
 150              		.loc 1 67 1 view -0
 151              		.cfi_startproc
 152              		@ Function supports interworking.
 153              		@ args = 0, pretend = 0, frame = 0
 154              		@ frame_needed = 0, uses_anonymous_args = 0
 155              		.loc 1 67 1 is_stmt 0 view .LVU19
 156 0000 70B5     		push	{r4, r5, r6, lr}
 157              	.LCFI2:
 158              		.cfi_def_cfa_offset 16
 159              		.cfi_offset 4, -16
 160              		.cfi_offset 5, -12
 161              		.cfi_offset 6, -8
 162              		.cfi_offset 14, -4
 163 0002 0C00     		movs	r4, r1
 164 0004 1600     		movs	r6, r2
  68:Core/Src/syscalls.c **** 	int DataIdx;
 165              		.loc 1 68 2 is_stmt 1 view .LVU20
  69:Core/Src/syscalls.c **** 
  70:Core/Src/syscalls.c **** 	for (DataIdx = 0; DataIdx < len; DataIdx++)
 166              		.loc 1 70 2 view .LVU21
 167              	.LVL5:
ARM GAS  C:\Users\arnem\AppData\Local\Temp\ccdQutzN.s 			page 5


 168              		.loc 1 70 15 is_stmt 0 view .LVU22
 169 0006 0025     		movs	r5, #0
 170              		.loc 1 70 2 view .LVU23
 171 0008 04E0     		b	.L7
 172              	.LVL6:
 173              	.L8:
  71:Core/Src/syscalls.c **** 	{
  72:Core/Src/syscalls.c **** 		*ptr++ = __io_getchar();
 174              		.loc 1 72 3 is_stmt 1 discriminator 3 view .LVU24
 175              		.loc 1 72 12 is_stmt 0 discriminator 3 view .LVU25
 176 000a FFF7FEFF 		bl	__io_getchar
 177              	.LVL7:
 178              		.loc 1 72 10 discriminator 3 view .LVU26
 179 000e 2070     		strb	r0, [r4]
  70:Core/Src/syscalls.c **** 	{
 180              		.loc 1 70 35 is_stmt 1 discriminator 3 view .LVU27
  70:Core/Src/syscalls.c **** 	{
 181              		.loc 1 70 42 is_stmt 0 discriminator 3 view .LVU28
 182 0010 0135     		adds	r5, r5, #1
 183              	.LVL8:
 184              		.loc 1 72 7 discriminator 3 view .LVU29
 185 0012 0134     		adds	r4, r4, #1
 186              	.LVL9:
 187              	.L7:
  70:Core/Src/syscalls.c **** 	{
 188              		.loc 1 70 20 is_stmt 1 discriminator 1 view .LVU30
  70:Core/Src/syscalls.c **** 	{
 189              		.loc 1 70 2 is_stmt 0 discriminator 1 view .LVU31
 190 0014 B542     		cmp	r5, r6
 191 0016 F8DB     		blt	.L8
  73:Core/Src/syscalls.c **** 	}
  74:Core/Src/syscalls.c **** 
  75:Core/Src/syscalls.c **** return len;
 192              		.loc 1 75 1 is_stmt 1 view .LVU32
  76:Core/Src/syscalls.c **** }
 193              		.loc 1 76 1 is_stmt 0 view .LVU33
 194 0018 3000     		movs	r0, r6
 195              		@ sp needed
 196              	.LVL10:
 197              	.LVL11:
 198              	.LVL12:
 199              		.loc 1 76 1 view .LVU34
 200 001a 70BC     		pop	{r4, r5, r6}
 201 001c 02BC     		pop	{r1}
 202 001e 0847     		bx	r1
 203              		.cfi_endproc
 204              	.LFE29:
 206              		.section	.text._write,"ax",%progbits
 207              		.align	1
 208              		.weak	_write
 209              		.syntax unified
 210              		.code	16
 211              		.thumb_func
 212              		.fpu softvfp
 214              	_write:
 215              	.LVL13:
 216              	.LFB30:
ARM GAS  C:\Users\arnem\AppData\Local\Temp\ccdQutzN.s 			page 6


  77:Core/Src/syscalls.c **** 
  78:Core/Src/syscalls.c **** __attribute__((weak)) int _write(int file, char *ptr, int len)
  79:Core/Src/syscalls.c **** {
 217              		.loc 1 79 1 is_stmt 1 view -0
 218              		.cfi_startproc
 219              		@ Function supports interworking.
 220              		@ args = 0, pretend = 0, frame = 0
 221              		@ frame_needed = 0, uses_anonymous_args = 0
 222              		.loc 1 79 1 is_stmt 0 view .LVU36
 223 0000 70B5     		push	{r4, r5, r6, lr}
 224              	.LCFI3:
 225              		.cfi_def_cfa_offset 16
 226              		.cfi_offset 4, -16
 227              		.cfi_offset 5, -12
 228              		.cfi_offset 6, -8
 229              		.cfi_offset 14, -4
 230 0002 1600     		movs	r6, r2
  80:Core/Src/syscalls.c **** 	int DataIdx;
 231              		.loc 1 80 2 is_stmt 1 view .LVU37
  81:Core/Src/syscalls.c **** 
  82:Core/Src/syscalls.c **** 	for (DataIdx = 0; DataIdx < len; DataIdx++)
 232              		.loc 1 82 2 view .LVU38
 233              	.LVL14:
 234              		.loc 1 82 15 is_stmt 0 view .LVU39
 235 0004 0024     		movs	r4, #0
 236              		.loc 1 82 2 view .LVU40
 237 0006 05E0     		b	.L10
 238              	.LVL15:
 239              	.L11:
  83:Core/Src/syscalls.c **** 	{
  84:Core/Src/syscalls.c **** 		__io_putchar(*ptr++);
 240              		.loc 1 84 3 is_stmt 1 discriminator 3 view .LVU41
 241              		.loc 1 84 20 is_stmt 0 discriminator 3 view .LVU42
 242 0008 4D1C     		adds	r5, r1, #1
 243              	.LVL16:
 244              		.loc 1 84 16 discriminator 3 view .LVU43
 245 000a 0878     		ldrb	r0, [r1]
 246              		.loc 1 84 3 discriminator 3 view .LVU44
 247 000c FFF7FEFF 		bl	__io_putchar
 248              	.LVL17:
  82:Core/Src/syscalls.c **** 	{
 249              		.loc 1 82 35 is_stmt 1 discriminator 3 view .LVU45
  82:Core/Src/syscalls.c **** 	{
 250              		.loc 1 82 42 is_stmt 0 discriminator 3 view .LVU46
 251 0010 0134     		adds	r4, r4, #1
 252              	.LVL18:
 253              		.loc 1 84 20 discriminator 3 view .LVU47
 254 0012 2900     		movs	r1, r5
 255              	.LVL19:
 256              	.L10:
  82:Core/Src/syscalls.c **** 	{
 257              		.loc 1 82 20 is_stmt 1 discriminator 1 view .LVU48
  82:Core/Src/syscalls.c **** 	{
 258              		.loc 1 82 2 is_stmt 0 discriminator 1 view .LVU49
 259 0014 B442     		cmp	r4, r6
 260 0016 F7DB     		blt	.L11
  85:Core/Src/syscalls.c **** 	}
ARM GAS  C:\Users\arnem\AppData\Local\Temp\ccdQutzN.s 			page 7


  86:Core/Src/syscalls.c **** 	return len;
 261              		.loc 1 86 2 is_stmt 1 view .LVU50
  87:Core/Src/syscalls.c **** }
 262              		.loc 1 87 1 is_stmt 0 view .LVU51
 263 0018 3000     		movs	r0, r6
 264              		@ sp needed
 265              	.LVL20:
 266              	.LVL21:
 267              		.loc 1 87 1 view .LVU52
 268 001a 70BC     		pop	{r4, r5, r6}
 269 001c 02BC     		pop	{r1}
 270 001e 0847     		bx	r1
 271              		.cfi_endproc
 272              	.LFE30:
 274              		.section	.text._close,"ax",%progbits
 275              		.align	1
 276              		.global	_close
 277              		.syntax unified
 278              		.code	16
 279              		.thumb_func
 280              		.fpu softvfp
 282              	_close:
 283              	.LVL22:
 284              	.LFB31:
  88:Core/Src/syscalls.c **** 
  89:Core/Src/syscalls.c **** int _close(int file)
  90:Core/Src/syscalls.c **** {
 285              		.loc 1 90 1 is_stmt 1 view -0
 286              		.cfi_startproc
 287              		@ Function supports interworking.
 288              		@ args = 0, pretend = 0, frame = 0
 289              		@ frame_needed = 0, uses_anonymous_args = 0
 290              		@ link register save eliminated.
  91:Core/Src/syscalls.c **** 	return -1;
 291              		.loc 1 91 2 view .LVU54
 292              		.loc 1 91 9 is_stmt 0 view .LVU55
 293 0000 0120     		movs	r0, #1
 294              	.LVL23:
  92:Core/Src/syscalls.c **** }
 295              		.loc 1 92 1 view .LVU56
 296 0002 4042     		rsbs	r0, r0, #0
 297              		@ sp needed
 298 0004 7047     		bx	lr
 299              		.cfi_endproc
 300              	.LFE31:
 302              		.section	.text._fstat,"ax",%progbits
 303              		.align	1
 304              		.global	_fstat
 305              		.syntax unified
 306              		.code	16
 307              		.thumb_func
 308              		.fpu softvfp
 310              	_fstat:
 311              	.LVL24:
 312              	.LFB32:
  93:Core/Src/syscalls.c **** 
  94:Core/Src/syscalls.c **** 
ARM GAS  C:\Users\arnem\AppData\Local\Temp\ccdQutzN.s 			page 8


  95:Core/Src/syscalls.c **** int _fstat(int file, struct stat *st)
  96:Core/Src/syscalls.c **** {
 313              		.loc 1 96 1 is_stmt 1 view -0
 314              		.cfi_startproc
 315              		@ Function supports interworking.
 316              		@ args = 0, pretend = 0, frame = 0
 317              		@ frame_needed = 0, uses_anonymous_args = 0
 318              		@ link register save eliminated.
  97:Core/Src/syscalls.c **** 	st->st_mode = S_IFCHR;
 319              		.loc 1 97 2 view .LVU58
 320              		.loc 1 97 14 is_stmt 0 view .LVU59
 321 0000 8023     		movs	r3, #128
 322 0002 9B01     		lsls	r3, r3, #6
 323 0004 4B60     		str	r3, [r1, #4]
  98:Core/Src/syscalls.c **** 	return 0;
 324              		.loc 1 98 2 is_stmt 1 view .LVU60
  99:Core/Src/syscalls.c **** }
 325              		.loc 1 99 1 is_stmt 0 view .LVU61
 326 0006 0020     		movs	r0, #0
 327              	.LVL25:
 328              		.loc 1 99 1 view .LVU62
 329              		@ sp needed
 330 0008 7047     		bx	lr
 331              		.cfi_endproc
 332              	.LFE32:
 334              		.section	.text._isatty,"ax",%progbits
 335              		.align	1
 336              		.global	_isatty
 337              		.syntax unified
 338              		.code	16
 339              		.thumb_func
 340              		.fpu softvfp
 342              	_isatty:
 343              	.LVL26:
 344              	.LFB33:
 100:Core/Src/syscalls.c **** 
 101:Core/Src/syscalls.c **** int _isatty(int file)
 102:Core/Src/syscalls.c **** {
 345              		.loc 1 102 1 is_stmt 1 view -0
 346              		.cfi_startproc
 347              		@ Function supports interworking.
 348              		@ args = 0, pretend = 0, frame = 0
 349              		@ frame_needed = 0, uses_anonymous_args = 0
 350              		@ link register save eliminated.
 103:Core/Src/syscalls.c **** 	return 1;
 351              		.loc 1 103 2 view .LVU64
 104:Core/Src/syscalls.c **** }
 352              		.loc 1 104 1 is_stmt 0 view .LVU65
 353 0000 0120     		movs	r0, #1
 354              	.LVL27:
 355              		.loc 1 104 1 view .LVU66
 356              		@ sp needed
 357 0002 7047     		bx	lr
 358              		.cfi_endproc
 359              	.LFE33:
 361              		.section	.text._lseek,"ax",%progbits
 362              		.align	1
ARM GAS  C:\Users\arnem\AppData\Local\Temp\ccdQutzN.s 			page 9


 363              		.global	_lseek
 364              		.syntax unified
 365              		.code	16
 366              		.thumb_func
 367              		.fpu softvfp
 369              	_lseek:
 370              	.LVL28:
 371              	.LFB34:
 105:Core/Src/syscalls.c **** 
 106:Core/Src/syscalls.c **** int _lseek(int file, int ptr, int dir)
 107:Core/Src/syscalls.c **** {
 372              		.loc 1 107 1 is_stmt 1 view -0
 373              		.cfi_startproc
 374              		@ Function supports interworking.
 375              		@ args = 0, pretend = 0, frame = 0
 376              		@ frame_needed = 0, uses_anonymous_args = 0
 377              		@ link register save eliminated.
 108:Core/Src/syscalls.c **** 	return 0;
 378              		.loc 1 108 2 view .LVU68
 109:Core/Src/syscalls.c **** }
 379              		.loc 1 109 1 is_stmt 0 view .LVU69
 380 0000 0020     		movs	r0, #0
 381              	.LVL29:
 382              		.loc 1 109 1 view .LVU70
 383              		@ sp needed
 384 0002 7047     		bx	lr
 385              		.cfi_endproc
 386              	.LFE34:
 388              		.section	.text._open,"ax",%progbits
 389              		.align	1
 390              		.global	_open
 391              		.syntax unified
 392              		.code	16
 393              		.thumb_func
 394              		.fpu softvfp
 396              	_open:
 397              	.LVL30:
 398              	.LFB35:
 110:Core/Src/syscalls.c **** 
 111:Core/Src/syscalls.c **** int _open(char *path, int flags, ...)
 112:Core/Src/syscalls.c **** {
 399              		.loc 1 112 1 is_stmt 1 view -0
 400              		.cfi_startproc
 401              		@ Function supports interworking.
 402              		@ args = 4, pretend = 12, frame = 0
 403              		@ frame_needed = 0, uses_anonymous_args = 1
 404              		@ link register save eliminated.
 405              		.loc 1 112 1 is_stmt 0 view .LVU72
 406 0000 0EB4     		push	{r1, r2, r3}
 407              	.LCFI4:
 408              		.cfi_def_cfa_offset 12
 113:Core/Src/syscalls.c **** 	/* Pretend like we always fail */
 114:Core/Src/syscalls.c **** 	return -1;
 409              		.loc 1 114 2 is_stmt 1 view .LVU73
 410              		.loc 1 114 9 is_stmt 0 view .LVU74
 411 0002 0120     		movs	r0, #1
 412              	.LVL31:
ARM GAS  C:\Users\arnem\AppData\Local\Temp\ccdQutzN.s 			page 10


 115:Core/Src/syscalls.c **** }
 413              		.loc 1 115 1 view .LVU75
 414 0004 4042     		rsbs	r0, r0, #0
 415              		@ sp needed
 416 0006 03B0     		add	sp, sp, #12
 417 0008 7047     		bx	lr
 418              		.cfi_endproc
 419              	.LFE35:
 421              		.section	.text._wait,"ax",%progbits
 422              		.align	1
 423              		.global	_wait
 424              		.syntax unified
 425              		.code	16
 426              		.thumb_func
 427              		.fpu softvfp
 429              	_wait:
 430              	.LVL32:
 431              	.LFB36:
 116:Core/Src/syscalls.c **** 
 117:Core/Src/syscalls.c **** int _wait(int *status)
 118:Core/Src/syscalls.c **** {
 432              		.loc 1 118 1 is_stmt 1 view -0
 433              		.cfi_startproc
 434              		@ Function supports interworking.
 435              		@ args = 0, pretend = 0, frame = 0
 436              		@ frame_needed = 0, uses_anonymous_args = 0
 437              		.loc 1 118 1 is_stmt 0 view .LVU77
 438 0000 10B5     		push	{r4, lr}
 439              	.LCFI5:
 440              		.cfi_def_cfa_offset 8
 441              		.cfi_offset 4, -8
 442              		.cfi_offset 14, -4
 119:Core/Src/syscalls.c **** 	errno = ECHILD;
 443              		.loc 1 119 2 is_stmt 1 view .LVU78
 444 0002 FFF7FEFF 		bl	__errno
 445              	.LVL33:
 446              		.loc 1 119 8 is_stmt 0 view .LVU79
 447 0006 0A23     		movs	r3, #10
 448 0008 0360     		str	r3, [r0]
 120:Core/Src/syscalls.c **** 	return -1;
 449              		.loc 1 120 2 is_stmt 1 view .LVU80
 450              		.loc 1 120 9 is_stmt 0 view .LVU81
 451 000a 0120     		movs	r0, #1
 121:Core/Src/syscalls.c **** }
 452              		.loc 1 121 1 view .LVU82
 453 000c 4042     		rsbs	r0, r0, #0
 454              		@ sp needed
 455 000e 10BC     		pop	{r4}
 456 0010 02BC     		pop	{r1}
 457 0012 0847     		bx	r1
 458              		.cfi_endproc
 459              	.LFE36:
 461              		.section	.text._unlink,"ax",%progbits
 462              		.align	1
 463              		.global	_unlink
 464              		.syntax unified
 465              		.code	16
ARM GAS  C:\Users\arnem\AppData\Local\Temp\ccdQutzN.s 			page 11


 466              		.thumb_func
 467              		.fpu softvfp
 469              	_unlink:
 470              	.LVL34:
 471              	.LFB37:
 122:Core/Src/syscalls.c **** 
 123:Core/Src/syscalls.c **** int _unlink(char *name)
 124:Core/Src/syscalls.c **** {
 472              		.loc 1 124 1 is_stmt 1 view -0
 473              		.cfi_startproc
 474              		@ Function supports interworking.
 475              		@ args = 0, pretend = 0, frame = 0
 476              		@ frame_needed = 0, uses_anonymous_args = 0
 477              		.loc 1 124 1 is_stmt 0 view .LVU84
 478 0000 10B5     		push	{r4, lr}
 479              	.LCFI6:
 480              		.cfi_def_cfa_offset 8
 481              		.cfi_offset 4, -8
 482              		.cfi_offset 14, -4
 125:Core/Src/syscalls.c **** 	errno = ENOENT;
 483              		.loc 1 125 2 is_stmt 1 view .LVU85
 484 0002 FFF7FEFF 		bl	__errno
 485              	.LVL35:
 486              		.loc 1 125 8 is_stmt 0 view .LVU86
 487 0006 0223     		movs	r3, #2
 488 0008 0360     		str	r3, [r0]
 126:Core/Src/syscalls.c **** 	return -1;
 489              		.loc 1 126 2 is_stmt 1 view .LVU87
 490              		.loc 1 126 9 is_stmt 0 view .LVU88
 491 000a 0120     		movs	r0, #1
 127:Core/Src/syscalls.c **** }
 492              		.loc 1 127 1 view .LVU89
 493 000c 4042     		rsbs	r0, r0, #0
 494              		@ sp needed
 495 000e 10BC     		pop	{r4}
 496 0010 02BC     		pop	{r1}
 497 0012 0847     		bx	r1
 498              		.cfi_endproc
 499              	.LFE37:
 501              		.section	.text._times,"ax",%progbits
 502              		.align	1
 503              		.global	_times
 504              		.syntax unified
 505              		.code	16
 506              		.thumb_func
 507              		.fpu softvfp
 509              	_times:
 510              	.LVL36:
 511              	.LFB38:
 128:Core/Src/syscalls.c **** 
 129:Core/Src/syscalls.c **** int _times(struct tms *buf)
 130:Core/Src/syscalls.c **** {
 512              		.loc 1 130 1 is_stmt 1 view -0
 513              		.cfi_startproc
 514              		@ Function supports interworking.
 515              		@ args = 0, pretend = 0, frame = 0
 516              		@ frame_needed = 0, uses_anonymous_args = 0
ARM GAS  C:\Users\arnem\AppData\Local\Temp\ccdQutzN.s 			page 12


 517              		@ link register save eliminated.
 131:Core/Src/syscalls.c **** 	return -1;
 518              		.loc 1 131 2 view .LVU91
 519              		.loc 1 131 9 is_stmt 0 view .LVU92
 520 0000 0120     		movs	r0, #1
 521              	.LVL37:
 132:Core/Src/syscalls.c **** }
 522              		.loc 1 132 1 view .LVU93
 523 0002 4042     		rsbs	r0, r0, #0
 524              		@ sp needed
 525 0004 7047     		bx	lr
 526              		.cfi_endproc
 527              	.LFE38:
 529              		.section	.text._stat,"ax",%progbits
 530              		.align	1
 531              		.global	_stat
 532              		.syntax unified
 533              		.code	16
 534              		.thumb_func
 535              		.fpu softvfp
 537              	_stat:
 538              	.LVL38:
 539              	.LFB39:
 133:Core/Src/syscalls.c **** 
 134:Core/Src/syscalls.c **** int _stat(char *file, struct stat *st)
 135:Core/Src/syscalls.c **** {
 540              		.loc 1 135 1 is_stmt 1 view -0
 541              		.cfi_startproc
 542              		@ Function supports interworking.
 543              		@ args = 0, pretend = 0, frame = 0
 544              		@ frame_needed = 0, uses_anonymous_args = 0
 545              		@ link register save eliminated.
 136:Core/Src/syscalls.c **** 	st->st_mode = S_IFCHR;
 546              		.loc 1 136 2 view .LVU95
 547              		.loc 1 136 14 is_stmt 0 view .LVU96
 548 0000 8023     		movs	r3, #128
 549 0002 9B01     		lsls	r3, r3, #6
 550 0004 4B60     		str	r3, [r1, #4]
 137:Core/Src/syscalls.c **** 	return 0;
 551              		.loc 1 137 2 is_stmt 1 view .LVU97
 138:Core/Src/syscalls.c **** }
 552              		.loc 1 138 1 is_stmt 0 view .LVU98
 553 0006 0020     		movs	r0, #0
 554              	.LVL39:
 555              		.loc 1 138 1 view .LVU99
 556              		@ sp needed
 557 0008 7047     		bx	lr
 558              		.cfi_endproc
 559              	.LFE39:
 561              		.section	.text._link,"ax",%progbits
 562              		.align	1
 563              		.global	_link
 564              		.syntax unified
 565              		.code	16
 566              		.thumb_func
 567              		.fpu softvfp
 569              	_link:
ARM GAS  C:\Users\arnem\AppData\Local\Temp\ccdQutzN.s 			page 13


 570              	.LVL40:
 571              	.LFB40:
 139:Core/Src/syscalls.c **** 
 140:Core/Src/syscalls.c **** int _link(char *old, char *new)
 141:Core/Src/syscalls.c **** {
 572              		.loc 1 141 1 is_stmt 1 view -0
 573              		.cfi_startproc
 574              		@ Function supports interworking.
 575              		@ args = 0, pretend = 0, frame = 0
 576              		@ frame_needed = 0, uses_anonymous_args = 0
 577              		.loc 1 141 1 is_stmt 0 view .LVU101
 578 0000 10B5     		push	{r4, lr}
 579              	.LCFI7:
 580              		.cfi_def_cfa_offset 8
 581              		.cfi_offset 4, -8
 582              		.cfi_offset 14, -4
 142:Core/Src/syscalls.c **** 	errno = EMLINK;
 583              		.loc 1 142 2 is_stmt 1 view .LVU102
 584 0002 FFF7FEFF 		bl	__errno
 585              	.LVL41:
 586              		.loc 1 142 8 is_stmt 0 view .LVU103
 587 0006 1F23     		movs	r3, #31
 588 0008 0360     		str	r3, [r0]
 143:Core/Src/syscalls.c **** 	return -1;
 589              		.loc 1 143 2 is_stmt 1 view .LVU104
 590              		.loc 1 143 9 is_stmt 0 view .LVU105
 591 000a 0120     		movs	r0, #1
 144:Core/Src/syscalls.c **** }
 592              		.loc 1 144 1 view .LVU106
 593 000c 4042     		rsbs	r0, r0, #0
 594              		@ sp needed
 595 000e 10BC     		pop	{r4}
 596 0010 02BC     		pop	{r1}
 597 0012 0847     		bx	r1
 598              		.cfi_endproc
 599              	.LFE40:
 601              		.section	.text._fork,"ax",%progbits
 602              		.align	1
 603              		.global	_fork
 604              		.syntax unified
 605              		.code	16
 606              		.thumb_func
 607              		.fpu softvfp
 609              	_fork:
 610              	.LFB41:
 145:Core/Src/syscalls.c **** 
 146:Core/Src/syscalls.c **** int _fork(void)
 147:Core/Src/syscalls.c **** {
 611              		.loc 1 147 1 is_stmt 1 view -0
 612              		.cfi_startproc
 613              		@ Function supports interworking.
 614              		@ args = 0, pretend = 0, frame = 0
 615              		@ frame_needed = 0, uses_anonymous_args = 0
 616 0000 10B5     		push	{r4, lr}
 617              	.LCFI8:
 618              		.cfi_def_cfa_offset 8
 619              		.cfi_offset 4, -8
ARM GAS  C:\Users\arnem\AppData\Local\Temp\ccdQutzN.s 			page 14


 620              		.cfi_offset 14, -4
 148:Core/Src/syscalls.c **** 	errno = EAGAIN;
 621              		.loc 1 148 2 view .LVU108
 622 0002 FFF7FEFF 		bl	__errno
 623              	.LVL42:
 624              		.loc 1 148 8 is_stmt 0 view .LVU109
 625 0006 0B23     		movs	r3, #11
 626 0008 0360     		str	r3, [r0]
 149:Core/Src/syscalls.c **** 	return -1;
 627              		.loc 1 149 2 is_stmt 1 view .LVU110
 628              		.loc 1 149 9 is_stmt 0 view .LVU111
 629 000a 0120     		movs	r0, #1
 150:Core/Src/syscalls.c **** }
 630              		.loc 1 150 1 view .LVU112
 631 000c 4042     		rsbs	r0, r0, #0
 632              		@ sp needed
 633 000e 10BC     		pop	{r4}
 634 0010 02BC     		pop	{r1}
 635 0012 0847     		bx	r1
 636              		.cfi_endproc
 637              	.LFE41:
 639              		.section	.text._execve,"ax",%progbits
 640              		.align	1
 641              		.global	_execve
 642              		.syntax unified
 643              		.code	16
 644              		.thumb_func
 645              		.fpu softvfp
 647              	_execve:
 648              	.LVL43:
 649              	.LFB42:
 151:Core/Src/syscalls.c **** 
 152:Core/Src/syscalls.c **** int _execve(char *name, char **argv, char **env)
 153:Core/Src/syscalls.c **** {
 650              		.loc 1 153 1 is_stmt 1 view -0
 651              		.cfi_startproc
 652              		@ Function supports interworking.
 653              		@ args = 0, pretend = 0, frame = 0
 654              		@ frame_needed = 0, uses_anonymous_args = 0
 655              		.loc 1 153 1 is_stmt 0 view .LVU114
 656 0000 10B5     		push	{r4, lr}
 657              	.LCFI9:
 658              		.cfi_def_cfa_offset 8
 659              		.cfi_offset 4, -8
 660              		.cfi_offset 14, -4
 154:Core/Src/syscalls.c **** 	errno = ENOMEM;
 661              		.loc 1 154 2 is_stmt 1 view .LVU115
 662 0002 FFF7FEFF 		bl	__errno
 663              	.LVL44:
 664              		.loc 1 154 8 is_stmt 0 view .LVU116
 665 0006 0C23     		movs	r3, #12
 666 0008 0360     		str	r3, [r0]
 155:Core/Src/syscalls.c **** 	return -1;
 667              		.loc 1 155 2 is_stmt 1 view .LVU117
 668              		.loc 1 155 9 is_stmt 0 view .LVU118
 669 000a 0120     		movs	r0, #1
 156:Core/Src/syscalls.c **** }
ARM GAS  C:\Users\arnem\AppData\Local\Temp\ccdQutzN.s 			page 15


 670              		.loc 1 156 1 view .LVU119
 671 000c 4042     		rsbs	r0, r0, #0
 672              		@ sp needed
 673 000e 10BC     		pop	{r4}
 674 0010 02BC     		pop	{r1}
 675 0012 0847     		bx	r1
 676              		.cfi_endproc
 677              	.LFE42:
 679              		.global	environ
 680              		.global	__env
 681              		.section	.bss.__env,"aw",%nobits
 682              		.align	2
 685              	__env:
 686 0000 00000000 		.space	4
 687              		.section	.data.environ,"aw"
 688              		.align	2
 691              	environ:
 692 0000 00000000 		.word	__env
 693              		.weak	__io_putchar
 694              		.weak	__io_getchar
 695              		.text
 696              	.Letext0:
 697              		.file 2 "c:\\program files (x86)\\gnu arm embedded toolchain\\10 2020-q4-major\\arm-none-eabi\\inc
 698              		.file 3 "c:\\program files (x86)\\gnu arm embedded toolchain\\10 2020-q4-major\\arm-none-eabi\\inc
 699              		.file 4 "c:\\program files (x86)\\gnu arm embedded toolchain\\10 2020-q4-major\\arm-none-eabi\\inc
 700              		.file 5 "c:\\program files (x86)\\gnu arm embedded toolchain\\10 2020-q4-major\\arm-none-eabi\\inc
 701              		.file 6 "c:\\program files (x86)\\gnu arm embedded toolchain\\10 2020-q4-major\\arm-none-eabi\\inc
 702              		.file 7 "c:\\program files (x86)\\gnu arm embedded toolchain\\10 2020-q4-major\\arm-none-eabi\\inc
 703              		.file 8 "c:\\program files (x86)\\gnu arm embedded toolchain\\10 2020-q4-major\\arm-none-eabi\\inc
 704              		.file 9 "c:\\program files (x86)\\gnu arm embedded toolchain\\10 2020-q4-major\\arm-none-eabi\\inc
ARM GAS  C:\Users\arnem\AppData\Local\Temp\ccdQutzN.s 			page 16


DEFINED SYMBOLS
                            *ABS*:00000000 syscalls.c
C:\Users\arnem\AppData\Local\Temp\ccdQutzN.s:24     .text.initialise_monitor_handles:00000000 initialise_monitor_handles
C:\Users\arnem\AppData\Local\Temp\ccdQutzN.s:35     .text.initialise_monitor_handles:00000000 $t
C:\Users\arnem\AppData\Local\Temp\ccdQutzN.s:40     .text._getpid:00000000 $t
C:\Users\arnem\AppData\Local\Temp\ccdQutzN.s:47     .text._getpid:00000000 _getpid
C:\Users\arnem\AppData\Local\Temp\ccdQutzN.s:64     .text._kill:00000000 $t
C:\Users\arnem\AppData\Local\Temp\ccdQutzN.s:71     .text._kill:00000000 _kill
C:\Users\arnem\AppData\Local\Temp\ccdQutzN.s:104    .text._exit:00000000 $t
C:\Users\arnem\AppData\Local\Temp\ccdQutzN.s:111    .text._exit:00000000 _exit
C:\Users\arnem\AppData\Local\Temp\ccdQutzN.s:140    .text._read:00000000 $t
C:\Users\arnem\AppData\Local\Temp\ccdQutzN.s:147    .text._read:00000000 _read
C:\Users\arnem\AppData\Local\Temp\ccdQutzN.s:207    .text._write:00000000 $t
C:\Users\arnem\AppData\Local\Temp\ccdQutzN.s:214    .text._write:00000000 _write
C:\Users\arnem\AppData\Local\Temp\ccdQutzN.s:275    .text._close:00000000 $t
C:\Users\arnem\AppData\Local\Temp\ccdQutzN.s:282    .text._close:00000000 _close
C:\Users\arnem\AppData\Local\Temp\ccdQutzN.s:303    .text._fstat:00000000 $t
C:\Users\arnem\AppData\Local\Temp\ccdQutzN.s:310    .text._fstat:00000000 _fstat
C:\Users\arnem\AppData\Local\Temp\ccdQutzN.s:335    .text._isatty:00000000 $t
C:\Users\arnem\AppData\Local\Temp\ccdQutzN.s:342    .text._isatty:00000000 _isatty
C:\Users\arnem\AppData\Local\Temp\ccdQutzN.s:362    .text._lseek:00000000 $t
C:\Users\arnem\AppData\Local\Temp\ccdQutzN.s:369    .text._lseek:00000000 _lseek
C:\Users\arnem\AppData\Local\Temp\ccdQutzN.s:389    .text._open:00000000 $t
C:\Users\arnem\AppData\Local\Temp\ccdQutzN.s:396    .text._open:00000000 _open
C:\Users\arnem\AppData\Local\Temp\ccdQutzN.s:422    .text._wait:00000000 $t
C:\Users\arnem\AppData\Local\Temp\ccdQutzN.s:429    .text._wait:00000000 _wait
C:\Users\arnem\AppData\Local\Temp\ccdQutzN.s:462    .text._unlink:00000000 $t
C:\Users\arnem\AppData\Local\Temp\ccdQutzN.s:469    .text._unlink:00000000 _unlink
C:\Users\arnem\AppData\Local\Temp\ccdQutzN.s:502    .text._times:00000000 $t
C:\Users\arnem\AppData\Local\Temp\ccdQutzN.s:509    .text._times:00000000 _times
C:\Users\arnem\AppData\Local\Temp\ccdQutzN.s:530    .text._stat:00000000 $t
C:\Users\arnem\AppData\Local\Temp\ccdQutzN.s:537    .text._stat:00000000 _stat
C:\Users\arnem\AppData\Local\Temp\ccdQutzN.s:562    .text._link:00000000 $t
C:\Users\arnem\AppData\Local\Temp\ccdQutzN.s:569    .text._link:00000000 _link
C:\Users\arnem\AppData\Local\Temp\ccdQutzN.s:602    .text._fork:00000000 $t
C:\Users\arnem\AppData\Local\Temp\ccdQutzN.s:609    .text._fork:00000000 _fork
C:\Users\arnem\AppData\Local\Temp\ccdQutzN.s:640    .text._execve:00000000 $t
C:\Users\arnem\AppData\Local\Temp\ccdQutzN.s:647    .text._execve:00000000 _execve
C:\Users\arnem\AppData\Local\Temp\ccdQutzN.s:691    .data.environ:00000000 environ
C:\Users\arnem\AppData\Local\Temp\ccdQutzN.s:685    .bss.__env:00000000 __env
C:\Users\arnem\AppData\Local\Temp\ccdQutzN.s:682    .bss.__env:00000000 $d
C:\Users\arnem\AppData\Local\Temp\ccdQutzN.s:688    .data.environ:00000000 $d

UNDEFINED SYMBOLS
__errno
__io_getchar
__io_putchar
